0!
-5 -17 -15 -7 -1 -7 -13 -11 12 -5 
-24 2 -2 -4 -20 -4 -4 -2 13 -24 
-22 -2 -6 -8 -18 -8 -8 -6 -1 -22 
-12 -4 -8 -10 -8 -10 -10 -8 -3 -22 
-13 -21 -21 -19 -11 -15 -13 -11 0 -27 
-8 -4 -8 -10 -4 -10 -10 -8 5 -20 
-12 -4 -8 -10 -8 -10 -10 -8 3 -16 
-22 -2 -6 -8 -18 -8 -8 -6 -5 -12 
-15 13 -1 -3 -13 5 3 -5 -16 15 
-14 -8 -12 -14 -10 -14 -14 -12 1 -14 
x x x x x x x x x x 
x x x x x x x x x x 
x x x x x x x x x x 
x x x x x x x x x x 
x x x x x x x x x x 
x x x x x x x x x x 
x x x x x x x x x x 
x x x x x x x x x x 
x x x x x x x x x x 
x x x x x x x x x x 
1: 9 10
1!
-5 -17 -15 -7 -1 -7 -13 -11 12 -7 
-24 2 -2 -4 -20 -4 -4 -2 9 -20 
-22 -2 -6 -8 -18 -8 -8 -6 -1 -20 
-12 -4 -8 -10 -8 -10 -10 -8 -1 -20 
-13 -21 -21 -19 -11 -15 -13 -11 0 -25 
-8 -4 -8 -10 -4 -10 -10 -8 1 -18 
-12 -4 -8 -10 -8 -10 -10 -8 3 -24 
-22 -2 -6 -8 -18 -8 -8 -6 1 -14 
-17 5 1 -1 -17 1 5 -1 -24 35 
-14 -8 -12 -14 -10 -14 -14 -12 7 -4 
x x x x x x x x x x 
x x x x x x x x x x 
x x x x x x x x x x 
x x x x x x x x x x 
x x x x x x x x x x 
x x x x x x x x x x 
x x x x x x x x x x 
x x x x x x x x x x 
x x x x x x x x 0 1 
x x x x x x x x x x 
2: 1 9
2!
-7 -15 -15 -11 -1 -5 -17 -13 23 0 
-22 -2 -2 -2 -18 -4 -8 0 18 -3 
-15 1 -3 -5 -15 -3 1 -5 -17 -28 
-12 -4 -8 -10 -8 -10 -10 -8 0 -13 
-13 -21 -21 -19 -11 -15 -13 -11 1 -22 
-8 -4 -8 -10 -4 -10 -10 -8 0 -15 
-12 -4 -8 -10 -8 -10 -10 -8 0 -19 
-22 -2 -6 -8 -18 -8 -8 -6 0 -13 
-17 5 1 -1 -17 1 5 -1 -17 28 
-14 -8 -12 -14 -10 -14 -14 -12 2 -5 
x x x x x x x x 1 x 
x x x x x x x x 1 x 
x x x x x x x x 0 0 
x x x x x x x x x x 
x x x x x x x x x x 
x x x x x x x x x x 
x x x x x x x x x x 
x x x x x x x x x x 
x x x x x x x x 0 1 
x x x x x x x x x x 
3: 9 2
3!
-7 -13 -15 -11 -1 -5 -17 -13 23 0 
-22 -6 -2 -2 -18 -4 -8 0 18 -3 
-15 1 -3 -5 -15 -3 1 -5 -17 -28 
-12 -2 -8 -10 -8 -10 -10 -8 0 -13 
-13 -19 -21 -19 -11 -15 -13 -11 1 -22 
-8 -4 -8 -10 -4 -10 -10 -8 0 -15 
-12 -8 -8 -10 -8 -10 -10 -8 0 -19 
-22 0 -6 -8 -18 -8 -8 -6 0 -13 
-14 18 0 -4 -16 2 2 -2 -14 25 
-14 2 -12 -14 -10 -14 -14 -12 2 -5 
x x x x x x x x 1 x 
x x x x x x x x 1 x 
x x x x x x x x 0 0 
x x x x x x x x x x 
x x x x x x x x x x 
x x x x x x x x x x 
x x x x x x x x x x 
x x x x x x x x x x 
x 1 x x x x x x 0 1 
x x x x x x x x x x 
4: 9 6
4!
-7 -13 -15 -4 -1 -3 -17 -6 23 0 
-22 -6 -2 1 -18 -8 -8 3 18 -3 
-15 1 -3 -2 -15 -3 1 -2 -17 -28 
-12 -2 -8 -7 -8 -8 -10 -5 0 -13 
-13 -19 -21 -16 -11 -13 -13 -8 1 -22 
-8 -4 -8 -5 -4 -10 -10 -3 0 -15 
-12 -8 -8 -1 -8 -14 -10 1 0 -19 
-22 0 -6 -7 -18 -6 -8 -5 0 -13 
-15 15 1 -14 -15 15 1 -14 -11 22 
-7 5 -11 -18 -7 5 -11 -18 1 4 
x x x x x x x x 1 x 
x x x x x x x x 1 x 
x x x x x x x x 0 0 
x x x x x x x x x x 
x x x x x x x x x x 
x x x x x x x x x x 
x x x x x x x x x x 
x x x x x x x x x x 
x 1 x 0 x 1 x 0 0 1 
x x x 0 x x x 0 x x 
5: 10 2
5!
-4 -10 -15 -4 -1 -3 -17 -6 23 0 
-17 -5 -2 1 -18 -8 -8 3 18 -3 
-10 2 -3 -2 -15 -3 1 -2 -17 -28 
-9 -1 -8 -7 -8 -8 -10 -5 0 -13 
-14 -18 -21 -16 -11 -13 -13 -8 1 -22 
-3 -1 -8 -5 -4 -10 -10 -3 0 -15 
-11 -3 -8 -1 -8 -14 -10 1 0 -19 
-34 -16 -5 2 -13 -3 -5 -2 3 -6 
-4 10 1 -14 -15 15 1 -14 -11 22 
-4 12 -9 -16 -7 3 -11 -16 -1 2 
x x x x x x x x 1 x 
x x x x x x x x 1 x 
x x x x x x x x 0 0 
x x x x x x x x x x 
x x x x x x x x x x 
x x x x x x x x x x 
x x x x x x x x x x 
0 0 x x x x x x x x 
x 1 x 0 x 1 x 0 0 1 
x 1 x 0 x x x 0 x x 
6: 2 8
6!
-2 -8 -13 -2 3 -7 -22 1 19 3 
-13 -3 0 3 -16 -6 -15 12 12 -16 
-10 2 -3 -2 -15 -3 2 -3 -17 -21 
-9 -1 -8 -7 -8 -8 -1 -8 0 -10 
-14 -18 -21 -16 -11 -13 -8 -7 1 -19 
-3 -1 -8 -5 -4 -10 -7 -2 0 -12 
-11 -3 -8 -1 -8 -14 -7 -2 0 -14 
-34 -16 -5 2 -13 -3 -2 -3 3 -5 
-4 10 1 -14 -15 15 4 -11 -11 15 
-4 12 -9 -16 -7 3 -4 -13 -1 1 
x x x x x x 0 x 1 x 
x x x x x x 0 1 1 0 
x x x x x x x x 0 0 
x x x x x x x x x x 
x x x x x x x x x x 
x x x x x x x x x x 
x x x x x x x x x x 
0 0 x x x x x x x x 
x 1 x 0 x 1 x 0 0 1 
x 1 x 0 x x x 0 x x 
7: 9 7
1
xxxxxx0x1x
xxxxxx0110
xxxxxxxx00
xxxxxxxxxx
xxxxxxxxxx
xxxxxxxxxx
xxxxxxxxxx
00xxxxxxxx
x1x0x11001
x1x0xxx0xx
-1
xxxxxx0x1x
xxxxxx0110
xxxxxxxx00
xxxxxxxxxx
xxxxxxxxxx
xxxxxxxxxx
xxxxxxxxxx
00xxxxxxxx
x1x0x11001
x1x0xxx0xx
2
xxxxxx0x1x
xxxxxx0110
xxxxxxxx00
xxxxxxxxxx
xxxxxxxxxx
xxxxxxxxxx
xxxxxxxxxx
00xxxxxxxx
x1x0x11001
x1x0xxx0xx
-2
xxxxxx0x1x
xxxxxx0110
xxxxxxxx00
xxxxxxxxxx
xxxxxxxxxx
xxxxxxxxxx
xxxxxxxxxx
00xxxxxxxx
x1x0x11001
x1x0xxx0xx
3
xxxxxx0x1x
xxxxxx0110
xxxxxxxx00
xxxxxxxxxx
xxxxxxxxxx
xxxxxxxxxx
xxxxxxxxxx
00xxxxxxxx
x1x0x11001
x1x0xxx0xx
-3
xxxxxx0x1x
xxxxxx0110
xxxxxxxx00
xxxxxxxxxx
xxxxxxxxxx
xxxxxxxxxx
xxxxxxxxxx
00xxxxxxxx
x1x0x11001
x1x0xxx0xx
4
xxxxxx0x1x
xxxxxx0110
xxxxxxxx00
xxxxxxxxxx
xxxxxxxxxx
xxxxxxxxxx
xxxxxxxxxx
00xxxxxxxx
x1x0x11001
x1x0xxx0xx
-4
xxxxxx0x1x
xxxxxx0110
xxxxxxxx00
xxxxxxxxxx
xxxxxxxxxx
xxxxxxxxxx
xxxxxxxxxx
00xxxxxxxx
x1x0x11001
x1x0xxx0xx
5
xxxxxx0x1x
xxxxxx0110
xxxxxxxx00
xxxxxxxxxx
xxxxxxxxxx
xxxxxxxxxx
xxxxxxxxxx
00xxxxxxxx
x1x0x11001
x1x0xxx0xx
-5
xxxxxx0x1x
xxxxxx0110
xxxxxxxx00
xxxxxxxxxx
xxxxxxxxxx
xxxxxxxxxx
xxxxxxxxxx
00xxxxxxxx
x1x0x11001
x1x0xxx0xx
6
xxxxxx0x1x
xxxxxx0110
xxxxxxxx00
xxxxxxxxxx
xxxxxxxxxx
xxxxxxxxxx
xxxxxxxxxx
00xxxxxxxx
x1x0x11001
x1x0xxx0xx
-6
xxxxxx0x1x
xxxxxx0110
xxxxxxxx00
xxxxxxxxxx
xxxxxxxxxx
xxxxxxxxxx
xxxxxxxxxx
00xxxxxxxx
x1x0x11001
x1x0xxx0xx
7
xxxxxx0x1x
xxxxxx0110
xxxxxxxx00
xxxxxxxxxx
xxxxxxxxxx
xxxxxxxxxx
xxxxxxxxxx
00xxxxxxxx
x1x0x11001
x1x0xxx0xx
-7
xxxxxx0x1x
xxxxxx0110
xxxxxxxx00
xxxxxxxxxx
xxxxxxxxxx
xxxxxxxxxx
xxxxxxxxxx
00xxxxxxxx
x1x0x11001
x1x0xxx0xx
8
xxxxxx0x1x
xxxxxx0110
xxxxxxxx00
xxxxxxxxxx
xxxxxxxxxx
xxxxxxxxxx
xxxxxxxxxx
00xxxxxxxx
x1x0x11001
x1x0xxx0xx
-8
xxxxxx0x1x
xxxxxx0110
xxxxxxxx00
xxxxxxxxxx
xxxxxxxxxx
xxxxxxxxxx
xxxxxxxxxx
00xxxxxxxx
x1x0x11001
x1x0xxx0xx
9
xxxxxx0x1x
xxxxxx0110
xxxxxxxx00
xxxxxxxxxx
xxxxxxxxxx
xxxxxxxxxx
xxxxxxxxxx
00xxxxxxxx
x1x0011001
x1x0xxx0xx
-9
xxxxxx0x1x
xxxxxx0110
xxxxxxxx00
xxxxxxxxxx
xxxxxxxxxx
xxxxxxxxxx
xxxxxxxxxx
00xxxxxxxx
x1x0011001
x1x0xxx0xx
10
xxxxxx0x1x
xxxxxx0110
xxxxxxxx00
xxxxxxxxxx
xxxxxxxxxx
xxxxxxxxxx
xxxxxxxxxx
00xxxxxxxx
x1x0011001
x1x0xxx0xx
-10
xxxxxx0x1x
xxxxxx0110
xxxxxxxx00
xxxxxxxxxx
xxxxxxxxxx
xxxxxxxxxx
xxxxxxxxxx
00xxxxxxxx
x1x0011001
x1x0xxx0xx
9
xxxxxx0x1x
xxxxxx0110
xxxxxxxx00
xxxxxxxxxx
xxxxxxxxxx
xxxxxxxxxx
xxxxxxxxxx
00xxxxxxxx
x1x0011001
x1x0xxx0xx
-5
xxxxxx0x1x
xxxxxx0110
xxxxxxxx00
xxxxxxxxxx
xxxxxxxxxx
xxxxxxxxxx
xxxxxxxxxx
00xxxxxxxx
x1x0011001
x1x0xxx0xx
7!
-2 -8 -13 -2 5 -7 -19 1 19 3 
-13 -3 0 3 -12 -6 -12 12 12 -16 
-10 2 -3 -2 -11 -3 1 -3 -17 -21 
-9 -1 -8 -7 -6 -8 -4 -8 0 -10 
-14 -18 -21 -16 -11 -13 -7 -7 1 -19 
-3 -1 -8 -5 -8 -10 -6 -2 0 -12 
-11 -3 -8 -1 -6 -14 -10 -2 0 -14 
-34 -16 -5 2 -3 -3 -3 -3 3 -5 
-4 8 1 -12 -27 13 9 -9 -9 13 
-4 12 -9 -16 3 3 -1 -13 -1 1 
x x x x x x 0 x 1 x 
x x x x x x 0 1 1 0 
x x x x x x x x 0 0 
x x x x x x x x x x 
x x x x x x x x x x 
x x x x x x x x x x 
x x x x x x x x x x 
0 0 x x x x x x x x 
x 1 x 0 0 1 1 0 0 1 
x 1 x 0 x x x 0 x x 
8: 1 5
8!
4 -3 -7 6 13 -9 -9 1 9 3 
-3 -2 6 5 -12 -8 -8 8 8 -12 
-5 4 8 -7 -4 -2 -2 -2 -10 -14 
8 7 -11 -6 1 -1 -1 -7 -3 -5 
9 -8 -8 -3 -4 -2 -2 -4 0 -10 
-12 -11 -3 4 -3 -3 -3 1 3 -5 
-12 -11 -3 4 -3 -7 -7 1 3 -7 
-12 -11 -3 2 -3 -3 -3 -3 3 -5 
0 3 -1 -6 -13 9 9 -9 -9 13 
0 7 -3 -10 -3 3 -1 -13 -1 1 
1 0 0 1 1 0 0 x 1 x 
0 0 1 1 0 0 0 1 1 0 
0 1 1 0 x x x x 0 0 
1 1 0 x x x x x x x 
1 0 x x x x x x x x 
0 0 x x x x x x x x 
0 0 x x x x x x x x 
0 0 x x x x x x x x 
x 1 x 0 0 1 1 0 0 1 
x 1 x 0 x x x 0 x x 
9: 6 4
9:: 28
9:: 34
8:: 54
8!
4 -3 7 6 -9 -9 -9 1 9 3 
-3 -2 6 5 -8 -8 -8 8 8 -12 
5 4 -8 -7 0 -2 -2 -2 -10 -14 
8 7 -11 -6 -5 -1 -1 -7 -3 -5 
-17 -16 -8 -7 -8 -4 -2 -2 6 -10 
-12 -11 -3 4 1 -3 -3 1 3 -5 
-12 -11 -3 4 3 -7 -7 1 3 -7 
-12 -11 -3 2 1 -3 -3 -3 3 -5 
0 3 -1 -6 -9 9 9 -9 -9 13 
0 7 -3 -10 3 3 -1 -13 -1 1 
1 0 1 1 0 0 0 x 1 x 
0 0 1 1 0 0 0 1 1 0 
1 1 0 0 x x x x 0 0 
1 1 0 x x x x x x x 
0 0 x x x x x x x x 
0 0 x x x x x x x x 
0 0 x x x x x x x x 
0 0 x x x x x x x x 
x 1 x 0 0 1 1 0 0 1 
x 1 x 0 x x x 0 x x 
9: 5 9
9!
4 -3 7 6 -9 -9 -9 1 7 3 
-3 -2 6 5 -8 -8 -8 8 6 -12 
5 4 -8 -7 0 -2 -2 -2 -8 -14 
8 7 -11 -6 -5 -1 -1 -7 -1 -5 
-11 -10 -8 -5 -6 -4 -6 -2 14 -4 
-12 -11 -3 4 1 -3 -3 1 3 -5 
-12 -11 -3 4 3 -7 -7 1 1 -7 
-12 -11 -3 2 1 -3 -3 -3 3 -5 
0 3 -1 -6 -9 9 9 -9 -7 13 
0 7 -3 -10 3 3 -1 -13 -3 1 
1 0 1 1 0 0 0 x 1 x 
0 0 1 1 0 0 0 1 1 0 
1 1 0 0 x x x x 0 0 
1 1 0 x x x x x x x 
0 0 x x x x x x 1 x 
0 0 x x x x x x x x 
0 0 x x x x x x x x 
0 0 x x x x x x x x 
x 1 x 0 0 1 1 0 0 1 
x 1 x 0 x x x 0 x x 
10: 6 4
10:: 35
10:: 30
9:: 53
9:: 28
8:: 54
7:: 79
4
xxxxxx0x1x
xxxxxx0110
xxxxxxxx00
xxxxxxxxxx
xxxxxxxxxx
xxxxxxxxxx
xxxxxxxxxx
00xxxxxxxx
x1x0x10001
x1x0xxx0xx
-10
xxxxxx0x1x
xxxxxx0110
xxxxxxxx00
xxxxxxxxxx
xxxxxxxxxx
xxxxxxxxxx
xxxxxxxxxx
00xxxxxxxx
x1x0x10001
x1x0xxx0xx
5
xxxxxx0x1x
xxxxxx0110
xxxxxxxx00
xxxxxxxxxx
xxxxxxxxxx
xxxxxxxxxx
xxxxxxxxxx
00xxxxxxxx
x1x0x10001
x1x0xxx0xx
3
xxxxxx0x1x
xxxxxx0110
xxxxxxxx00
xxxxxxxxxx
xxxxxxxxxx
xxxxxxxxxx
xxxxxxxxxx
00xxxxxxxx
x1x0x10001
x1x0xxx0xx
5
xxxxxx0x1x
xxxxxx0110
xxxxxxxx00
xxxxxxxxxx
xxxxxxxxxx
xxxxxxxxxx
xxxxxxxxxx
00xxxxxxxx
x1x0x10001
x1x0xxx0xx
4
xxxxxx0x1x
xxxxxx0110
xxxxxxxx00
xxxxxxxxxx
xxxxxxxxxx
xxxxxxxxxx
xxxxxxxxxx
00xxxxxxxx
x1x0x10001
x1x0xxx0xx
5
xxxxxx0x1x
xxxxxx0110
xxxxxxxx00
xxxxxxxxxx
xxxxxxxxxx
xxxxxxxxxx
xxxxxxxxxx
00xxxxxxxx
x1x0x10001
x1x0xxx0xx
5
xxxxxx0x1x
xxxxxx0110
xxxxxxxx00
xxxxxxxxxx
xxxxxxxxxx
xxxxxxxxxx
xxxxxxxxxx
00xxxxxxxx
x1x0x10001
x1x0xxx0xx
5
xxxxxx0x1x
xxxxxx0110
xxxxxxxx00
xxxxxxxxxx
xxxxxxxxxx
xxxxxxxxxx
xxxxxxxxxx
00xxxxxxxx
x1x0x10001
x1x0xxx0xx
6
xxxxxx0x1x
xxxxxx0110
xxxxxxxx00
xxxxxxxxxx
xxxxxxxxxx
xxxxxxxxxx
xxxxxxxxxx
00xxxxxxxx
x1x0x10001
x1x0xxx0xx
5
xxxxxx0x1x
xxxxxx0110
xxxxxxxx00
xxxxxxxxxx
xxxxxxxxxx
xxxxxxxxxx
xxxxxxxxxx
00xxxxxxxx
x1x0x10001
x1x0xxx0xx
7
xxxxxx0x1x
xxxxxx0110
xxxxxxxx00
xxxxxxxxxx
xxxxxxxxxx
xxxxxxxxxx
xxxxxxxxxx
00xxxxxxxx
x1x0x10001
x1x0xxx0xx
5
xxxxxx0x1x
xxxxxx0110
xxxxxxxx00
xxxxxxxxxx
xxxxxxxxxx
xxxxxxxxxx
xxxxxxxxxx
00xxxxxxxx
x1x0x10001
x1x0xxx0xx
8
xxxxxx0x1x
xxxxxx0110
xxxxxxxx00
xxxxxxxxxx
xxxxxxxxxx
xxxxxxxxxx
xxxxxxxxxx
00xxxxxxxx
x1x0x10001
x1x0xxx0xx
6
xxxxxx0x1x
xxxxxx0110
xxxxxxxx00
xxxxxxxxxx
xxxxxxxxxx
xxxxxxxxxx
xxxxxxxxxx
00xxxxxxxx
x1x0x10001
x1x0xxx0xx
7
xxxxxx0x1x
xxxxxx0110
xxxxxxxx00
xxxxxxxxxx
xxxxxxxxxx
xxxxxxxxxx
xxxxxxxxxx
00xxxxxxxx
x1x0x10001
x1x0xxx0xx
6
xxxxxx0x1x
xxxxxx0110
xxxxxxxx00
xxxxxxxxxx
xxxxxxxxxx
xxxxxxxxxx
xxxxxxxxxx
00xxxxxxxx
x1x0x10001
x1x0xxx0xx
8
xxxxxx0x1x
xxxxxx0110
xxxxxxxx00
xxxxxxxxxx
xxxxxxxxxx
xxxxxxxxxx
xxxxxxxxxx
00xxxxxxxx
x1x0x10001
x1x0xxx0xx
7
xxxxxx0x1x
xxxxxx0110
xxxxxxxx00
xxxxxxxxxx
xxxxxxxxxx
xxxxxxxxxx
xxxxxxxxxx
00xxxxxxxx
x1x0x10001
x1x0xxx0xx
7
xxxxxx0x1x
xxxxxx0110
xxxxxxxx00
xxxxxxxxxx
xxxxxxxxxx
xxxxxxxxxx
xxxxxxxxxx
00xxxxxxxx
x1x0x10001
x1x0xxx0xx
7
xxxxxx0x1x
xxxxxx0110
xxxxxxxx00
xxxxxxxxxx
xxxxxxxxxx
xxxxxxxxxx
xxxxxxxxxx
00xxxxxxxx
x1x0x10001
x1x0xxx0xx
8
xxxxxx0x1x
xxxxxx0110
xxxxxxxx00
xxxxxxxxxx
xxxxxxxxxx
xxxxxxxxxx
xxxxxxxxxx
00xxxxxxxx
x1x0x10001
x1x0xxx0xx
10
xxxxxx0x1x
xxxxxx0110
xxxxxxxx00
xxxxxxxxxx
xxxxxxxxxx
xxxxxxxxxx
xxxxxxxxxx
00xxxxxxxx
x1x0x10001
x1x0xxx0xx
1
xxxxxx0x1x
xxxxxx0110
xxxxxxxx00
xxxxxxxxxx
xxxxxxxxxx
xxxxxxxxxx
xxxxxxxxxx
00xxxxxxxx
x1x0x10001
x1x0xxx0xx
8
xxxxxx0x1x
xxxxxx0110
xxxxxxxx00
xxxxxxxxxx
xxxxxxxxxx
xxxxxxxxxx
xxxxxxxxxx
00xxxxxxxx
x1x0x10001
x1x0xxx0xx
-3
xxxxxx0x1x
xxxxxx0110
xxxxxxxx00
xxxxxxxxxx
xxxxxxxxxx
xxxxxxxxxx
xxxxxxxxxx
00xxxxxxxx
x1x0x10001
x1x0xxx0xx
8
xxxxxx0x1x
xxxxxx0110
xxxxxxxx00
xxxxxxxxxx
xxxxxxxxxx
xxxxxxxxxx
xxxxxxxxxx
00xxxxxxxx
x1x0x10001
x1x0xxx0xx
-4
xxxxxx0x1x
xxxxxx0110
xxxxxxxx00
xxxxxxxxxx
xxxxxxxxxx
xxxxxxxxxx
xxxxxxxxxx
00xxxxxxxx
x1x0x10001
x1x0xxx0xx
8
xxxxxx0x1x
xxxxxx0110
xxxxxxxx00
xxxxxxxxxx
xxxxxxxxxx
xxxxxxxxxx
xxxxxxxxxx
00xxxxxxxx
x1x0x10001
x1x0xxx0xx
-8
xxxxxx0x1x
xxxxxx0110
xxxxxxxx00
xxxxxxxxxx
xxxxxxxxxx
xxxxxxxxxx
xxxxxxxxxx
00xxxxxxxx
x1x0x10001
x1x0xxx0xx
8
xxxxxx0x1x
xxxxxx0110
xxxxxxxx00
xxxxxxxxxx
xxxxxxxxxx
xxxxxxxxxx
xxxxxxxxxx
00xxxxxxxx
x1x0x10001
x1x0xxx0xx
-9
xxxxxx0x1x
xxxxxx0110
xxxxxxxx00
xxxxxxxxxx
xxxxxxxxxx
xxxxxxxxxx
xxxxxxxxxx
00xxxxxxxx
x1x0x10001
x1x0xxx0xx
1
xxxxxx0x1x
xxxxxx0110
xxxxxxxx00
xxxxxxxxxx
xxxxxxxxxx
xxxxxxxxxx
xxxxxxxxxx
00xxxxxxxx
x1x0x10001
x1x0xxx0xx
-1
xxxxxx0x1x
xxxxxx0110
xxxxxxxx00
xxxxxxxxxx
xxxxxxxxxx
xxxxxxxxxx
xxxxxxxxxx
00xxxxxxxx
x1x0x10001
x1x0xxx0xx
2
xxxxxx0x1x
xxxxxx0110
xxxxxxxx00
xxxxxxxxxx
xxxxxxxxxx
xxxxxxxxxx
xxxxxxxxxx
00xxxxxxxx
x1x0x10001
x1x0xxx0xx
-2
xxxxxx0x1x
xxxxxx0110
xxxxxxxx00
xxxxxxxxxx
xxxxxxxxxx
xxxxxxxxxx
xxxxxxxxxx
00xxxxxxxx
x1x0x10001
x1x0xxx0xx
3
xxxxxx0x1x
xxxxxx0110
xxxxxxxx00
xxxxxxxxxx
xxxxxxxxxx
xxxxxxxxxx
xxxxxxxxxx
00xxxxxxxx
x1x0x10001
x1x0xxx0xx
-3
xxxxxx0x1x
xxxxxx0110
xxxxxxxx00
xxxxxxxxxx
xxxxxxxxxx
xxxxxxxxxx
xxxxxxxxxx
00xxxxxxxx
x1x0x10001
x1x0xxx0xx
4
xxxxxx0x1x
xxxxxx0110
xxxxxxxx00
xxxxxxxxxx
xxxxxxxxxx
xxxxxxxxxx
xxxxxxxxxx
00xxxxxxxx
x1x0x10001
x1x0xxx0xx
-4
xxxxxx0x1x
xxxxxx0110
xxxxxxxx00
xxxxxxxxxx
xxxxxxxxxx
xxxxxxxxxx
xxxxxxxxxx
00xxxxxxxx
x1x0x10001
x1x0xxx0xx
5
xxxxxx0x1x
xxxxxx0110
xxxxxxxx00
xxxxxxxxxx
xxxxxxxxxx
xxxxxxxxxx
xxxxxxxxxx
00xxxxxxxx
x1x0x10001
x1x0xxx0xx
-5
xxxxxx0x1x
xxxxxx0110
xxxxxxxx00
xxxxxxxxxx
xxxxxxxxxx
xxxxxxxxxx
xxxxxxxxxx
00xxxxxxxx
x1x0x10001
x1x0xxx0xx
6
xxxxxx0x1x
xxxxxx0110
xxxxxxxx00
xxxxxxxxxx
xxxxxxxxxx
xxxxxxxxxx
xxxxxxxxxx
00xxxxxxxx
x1x0x10001
x1x0xxx0xx
-6
xxxxxx0x1x
xxxxxx0110
xxxxxxxx00
xxxxxxxxxx
xxxxxxxxxx
xxxxxxxxxx
xxxxxxxxxx
00xxxxxxxx
x1x0x10001
x1x0xxx0xx
7
xxxxxx0x1x
xxxxxx0110
xxxxxxxx00
xxxxxxxxxx
xxxxxxxxxx
xxxxxxxxxx
xxxxxxxxxx
00xxxxxxxx
x1x0x10001
x1x0xxx0xx
-7
xxxxxx0x1x
xxxxxx0110
xxxxxxxx00
xxxxxx1xxx
xxxxxxxxxx
xxxxxxxxxx
xxxxxx1xxx
00xxxxxxxx
x1x0x10001
x1x0xx00xx
8
xxxxxx0x1x
xxxxxx0110
xxxxxxxx00
xxxxxx1xxx
xxxxxxxxxx
xxxxxxxxxx
xxxxxx1xxx
00xxxxxxxx
x1x0x10001
x1x0xx00xx
-8
xxxxxx0x1x
xxxxxx0110
xxxxxxxx00
xxxxxx1xxx
xxxxxxxxxx
xxxxxxxxxx
xxxxxx1xxx
00xxxxxxxx
x1x0x10001
x1x0xx00xx
9
xxxxxx0x1x
xxxxxx0110
xxxxxxxx00
xxxxxx1xxx
xxxxxxxxxx
xxxxxxxxxx
xxxxxx1xxx
00xxxxxxxx
x1x0110001
x1x0xx00xx
-9
xxxxxx0x1x
xxxxxx0110
xxxxxxxx00
xxxxxx1xxx
xxxxxxxxxx
xxxxxxxxxx
xxxxxx1xxx
00xxxxxxxx
x1x0110001
x1x0xx00xx
10
xxxxxx0x1x
xxxxxx0110
xxxxxxxx00
xxxxxx1xxx
xxxxxxxxxx
xxxxxxxxxx
xxxxxx1xxx
00xxxxxxxx
x1x0110001
x1x0xx00xx
-10
xxxxxx0x1x
xxxxxx0110
xxxxxxxx00
xxxxxx1xxx
xxxxxxxxxx
xxxxxxxxxx
xxxxxx1xxx
00xxxxxxxx
x1x0110001
x1x0xx00xx
7
xxxxxx0x1x
xxxxxx0110
xxxxxxxx00
xxxxxx1xxx
xxxxxxxxxx
xxxxxxxxxx
xxxxxx1xxx
00xxxxxxxx
x1x0110001
x1x0xx00xx
4
xxxxxx0x1x
xxxxxx0110
xxxxxxxx00
xxxxxx1xxx
xxxxxxxxxx
xxxxxxxxxx
xxxxxx1xxx
00xxxxxxxx
x1x0110001
x1x0xx00xx
7
xxxxxx0x1x
xxxxxx0110
xxxxxxxx00
xxxxxx1xxx
xxxxxxxxxx
xxxxxxxxxx
xxxxxx1xxx
00xxxxxxxx
x1x0110001
x1x0xx00xx
7
xxxxxx0x1x
xxxxxx0110
xxxxxxxx00
xxxxxx1xxx
xxxxxxxxxx
xxxxxxxxxx
xxxxxx1xxx
00xxxxxxxx
x1x0110001
x1x0xx00xx
7
xxxxxx0x1x
xxxxxx0110
xxxxxxxx00
xxxxxx1xxx
xxxxxxxxxx
xxxxxxxxxx
xxxxxx1xxx
00xxxxxxxx
x1x0110001
x1x0xx00xx
10
xxxxxx0x1x
xxxxxx0110
xxxxxxxx00
xxxxxx1xxx
xxxxxxxxxx
xxxxxxxxxx
xxxxxx1xxx
00xxxxxxxx
x1x0110001
x1x0xx00xx
9
xxxxxx0x1x
xxxxxx0110
xxxxxxxx00
xxxxxx1xxx
xxxxxxxxxx
xxxxxxxxxx
xxxxxx1xxx
00xxxxxxxx
x1x0110001
x1x0xx00xx
-5
xxxxxx0x1x
xxxxxx0110
xxxxxxxx00
xxxxxx1xxx
xxxxxxxxxx
xxxxxxxxxx
xxxxxx1xxx
00xx0xxxxx
x1x0110001
x1x00x00xx
5
xxxxxx0x1x
xxxxxx0110
xxxxxxxx00
xxxxxx1xxx
xxxxxxxxxx
xxxxxxxxxx
xxxxxx1xxx
00xx0xxxxx
x1x0110001
x1x00x00xx
8
xxxxxx0x1x
xxxxxx0110
xxxxxxxx00
xxxxxx1xxx
xxxxxxxxxx
xxxxxxxxxx
xxxxxx1xxx
00xx0xxxxx
x1x0110001
x1x00x00xx
5
xxxxxx0x1x
xxxxxx0110
xxxxxxxx00
xxxxxx1xxx
xxxxxxxxxx
xxxxxxxxxx
xxxxxx1xxx
00xx0xxxxx
x1x0110001
x1x00x00xx
10
xxxxxx0x1x
xxxxxx0110
xxxxxxxx00
xxxxxx1xxx
xxxxxxxxxx
xxxxxxxxxx
xxxxxx1xxx
00xx0xxxxx
x1x0110001
x1x0000011
10
xxxxxx0x1x
xxxxxx0110
xxxxxxxx00
xxxxxx1xxx
xxxxxxxxxx
xxxxxxxxxx
xxxxxx1xxx
00xx0xxxxx
x1x0110001
x1x0000011
-6
xxxxxx0x1x
xxxxxx0110
xxxxxxxx00
xxxxxx1xxx
xxxxxxxxxx
xxxxxxxxxx
xxxxx01xxx
00xx01xxxx
x1x0110001
x1x0000011
10
xxxxxx0x1x
xxxxxx0110
xxxxxxxx00
xxxxxx1xxx
xxxxxxxxxx
xxxxxxxxxx
xxxxx01xxx
00xx01xxxx
x1x0110001
x1x0000011
-9
xxxxxx0x1x
xxxxxx0110
xxxxxxxx00
xxxxxx1xxx
xxxxxxxxxx
xxxxxxxxxx
xxxxx01xxx
00xx01xxxx
x1x0110001
x1x0000011
10
xxxxxx0x1x
xxxxxx0110
xxxxxxxx00
xxxxxx1xxx
xxxxxxxxxx
xxxxxxxxxx
xxxxx01xxx
00xx01xxxx
x1x0110001
x1x0000011
-10
xxxxxx0x1x
xxxxxx0110
xxxxxxxx00
xxxxxx1xxx
xxxxxxxxxx
xxxxxxxxxx
xxxxx01xxx
00xx01xxx0
x1x0110001
x1x0000011
6
xxxxxx0x1x
xxxxxx0110
xxxxxxxx00
xxxxxx1xxx
xxxxxxxxxx
xxxxxxxxxx
xxxxx01xxx
00xx01xxx0
x1x0110001
x1x0000011
7
xxxxxx0x1x
xxxxxx0110
xxxxxxxx00
xxxxxx1xxx
xxxxxxxxxx
xxxxxxxxxx
xxxxx01100
00xx01xxx0
x1x0110001
x1x0000011
6
xxxxxx0x1x
xxxxxx0110
xxxxxxxx00
xxxxxx1xxx
xxxxxxxxxx
xxxxxxxxxx
xxxxx01100
00xx01xxx0
x1x0110001
x1x0000011
8
xxxxxx0x1x
xxxxxx0110
xxxxxxxx00
xxxxxx1xxx
xxxxxxxxxx
xxxxxxxxxx
xxxxx01100
0011011000
x1x0110001
x1x0000011
10
xxxxxx0x1x
xxxxxx0110
xxxxxxxx00
xxxxxx1xxx
xxxxxxxxxx
xxxxxxxxxx
xxxxx01100
0011011000
x1x0110001
x1x0000011
8
xxxxxx0x1x
xxxxxx0110
xxxxxxxx00
xxxxxx1xxx
xxxxxxxxxx
xxxxxxxxxx
xxxxx01100
0011011000
x1x0110001
x1x0000011
7
xxxxxx0x1x
xxxxxx0110
xxxxxxxx00
xxxxxx1xxx
xxxxxxxxxx
xxxxxxxxxx
xxxxx01100
0011011000
x1x0110001
x1x0000011
-8
xxxxxx0x1x
xxxxxx0110
xxxxxxxx00
xxxxxx10xx
xxxxxxx0xx
xxxxxxx1xx
xxxxx01100
0011011000
x1x0110001
x1x0000011
7
xxxxxx0x1x
xxxxxx0110
xxxxxxxx00
xxxxxx10xx
xxxxxxx0xx
xxxxxxx1xx
xxxxx01100
0011011000
x1x0110001
x1x0000011
-9
xxxxxx0x1x
xxxxxx0110
xxxxxxxx00
xxxxxx10xx
xxxxxxx01x
xxxxxxx1xx
xxxxx01100
0011011000
x1x0110001
x1x0000011
7
xxxxxx0x1x
xxxxxx0110
xxxxxxxx00
xxxxxx10xx
xxxxxxx01x
xxxxxxx1xx
xxxxx01100
0011011000
x1x0110001
x1x0000011
-10
xxxxxx0x1x
xxxxxx0110
xxxxxxxx00
xxxxxx10xx
xxxxxxx01x
xxxxxxx1xx
xxxxx01100
0011011000
x1x0110001
x1x0000011
8
xxxxxx0x1x
xxxxxx0110
xxxxxxxx00
xxxxxx10xx
xxxxxxx01x
xxxxxxx1xx
xxxxx01100
0011011000
x1x0110001
x1x0000011
-3
xxxxxx0x1x
xxxxxx0110
xxxxxxxx00
xxxxxx10xx
xxxxxxx01x
xxxxxxx1xx
xxxxx01100
0011011000
x1x0110001
x100000011
8
xxxxxx0x1x
xxxxxx0110
xxxxxxxx00
xxxxxx10xx
xxxxxxx01x
xxxxxxx1xx
xxxxx01100
0011011000
x1x0110001
x100000011
-4
xxxxxx0x1x
xxxxxx0110
xxxxxxxx00
xxxxxx10xx
xxxxxxx01x
xxx0xxx1xx
xxx1x01100
0011011000
x1x0110001
x100000011
8
xxxxxx0x1x
xxxxxx0110
xxxxxxxx00
xxxxxx10xx
xxxxxxx01x
xxx0xxx1xx
xxx1x01100
0011011000
x1x0110001
x100000011
-7
xxxxxx0x1x
xxxxxx0110
xxxxxxxx00
xxxxxx10xx
xxxxxxx01x
xxx0xx01xx
xxx1x01100
0011011000
x1x0110001
x100000011
8
xxxxxx0x1x
xxxxxx0110
xxxxxxxx00
xxxxxx10xx
xxxxxxx01x
xxx0xx01xx
xxx1x01100
0011011000
x1x0110001
x100000011
-8
xxxxxx0x1x
xxxxxx0110
xxxxxxxx00
xxxxxx10xx
xxxxxxx01x
xxx0xx01xx
xxx1x01100
0011011000
x1x0110001
x100000011
8
xxxxxx0x1x
xxxxxx0110
xxxxxxxx00
xxxxxx10xx
xxxxxxx01x
xxx0xx01xx
xxx1x01100
0011011000
x1x0110001
x100000011
-9
xxxxxx0x1x
xxxxxx0110
xxxxxxxx00
xxxxxx10xx
xxxxxxx01x
xxx0xx01xx
xxx1x01100
0011011000
x1x0110001
x100000011
8
xxxxxx0x1x
xxxxxx0110
xxxxxxxx00
xxxxxx10xx
xxxxxxx01x
xxx0xx01xx
xxx1x01100
0011011000
x1x0110001
x100000011
4
xxxxxx0x1x
xxxxxx0110
xxxxxxxx00
xxxx0110xx
xxxxxxx01x
xxx0xx01xx
xxx1x01100
0011011000
x1x0110001
x100000011
8
xxxxxx0x1x
xxxxxx0110
xxxxxxxx00
xxxx0110xx
xxxxxxx01x
xxx0xx01xx
xxx1x01100
0011011000
x1x0110001
x100000011
5
xxxxxx0x1x
xxxxxx0110
xxxxxxxx00
xxxx0110xx
xxxxxxx011
xxx0xx01xx
xxx1x01100
0011011000
x1x0110001
x100000011
8
xxxxxx0x1x
xxxxxx0110
xxxxxxxx00
xxxx0110xx
xxxxxxx011
xxx0xx01xx
xxx1x01100
0011011000
x1x0110001
x100000011
6
xxxxxx0x1x
xxxxxx0110
xxxxxxxx00
xxxx0110xx
xxxxxxx011
xxx0xx0110
xxx1x01100
0011011000
x1x0110001
x100000011
9
xxxxxx0x1x
xxxxxx0110
xxxxxxxx00
xxxx0110xx
xxxxxxx011
xxx0xx0110
xxx1x01100
0011011000
x1x0110001
x100000011
5
xxxxxx0x1x
xxxxxx0110
xxxxxxxx00
xxxx0110xx
xxxxxxx011
xxx0xx0110
xxx1x01100
0011011000
x1x0110001
x100000011
3
xxxxxx0x1x
xxxxxx0110
xxxxxxxx00
xxxx0110xx
xxxxxxx011
xxx0xx0110
xxx1x01100
0011011000
x1x0110001
x100000011
10
xxxxxx0x1x
xxxxxx0110
xxxxxxxx00
xxxx0110xx
xxxxxxx011
xxx0xx0110
xxx1x01100
0011011000
x1x0110001
1100000011
4
xxxxxx0x1x
xxxxxx0110
xxxxxxxx00
xxxx0110xx
xxxxxxx011
xxx0xx0110
xxx1x01100
0011011000
x1x0110001
1100000011
6
xxxxxx0x1x
xxxxxx0110
xxxxxxxx00
xxxx0110xx
xxxxxxx011
xxx0xx0110
xxx1x01100
0011011000
x1x0110001
1100000011
4
xxxxxx0x1x
xxxxxx0110
xxxxxxxx00
xxxx0110xx
xxxxxxx011
xxx0xx0110
xxx1x01100
0011011000
x1x0110001
1100000011
7
xxxxxx0x1x
xxxxxx0110
xxxxxxxx00
xxxx0110xx
xxxxxxx011
xxx0xx0110
00x1x01100
0011011000
x1x0110001
1100000011
7
xxxxxx0x1x
xxxxxx0110
xxxxxxxx00
xxxx0110xx
xxxxxxx011
xxx0xx0110
00x1x01100
0011011000
x1x0110001
1100000011
6
xxxxxx0x1x
xxxxxx0110
xxxxxxxx00
xxxx0110xx
xxxxxxx011
xxx0xx0110
00x1x01100
0011011000
x1x0110001
1100000011
4
xxxxxx0x1x
xxxxxx0110
xxxxxxxx00
xxxx0110xx
xxxxxxx011
xxx0xx0110
00x1x01100
0011011000
x1x0110001
1100000011
-5
xxxxxx0x1x
xxxxxx0110
xxxxxxxx00
xxxx0110xx
xxxxxxx011
xxx01x0110
00x1x01100
0011011000
x1x0110001
1100000011
4
xxxxxx0x1x
xxxxxx0110
xxxxxxxx00
xxxx0110xx
xxxxxxx011
xxx01x0110
00x1x01100
0011011000
x1x0110001
1100000011
-6
xxxxx00x1x
xxxxx00110
xxxxxxxx00
xxxx0110xx
xxxxxxx011
xxx0100110
00x1x01100
0011011000
x1x0110001
1100000011
5
xxxxx00x1x
xxxxx00110
xxxxxxxx00
xxxx0110xx
xxxxxxx011
xxx0100110
00x1x01100
0011011000
x1x0110001
1100000011
-10
xxxxx00x11
xxxxx00110
xxxxxxxx00
xxxx0110x0
xxxxxxx011
xxx0100110
00x1x01100
0011011000
x1x0110001
1100000011
6
xxxxx00x11
xxxxx00110
xxxxxxxx00
xxxx0110x0
xxxxxxx011
2220100110
00x1x01100
0011011000
x1x0110001
1100000011
7:: 35
6:: 81
6:: 72
5:: 85
5!
-1 -9 -11 -4 -1 0 -17 -6 20 1 
-12 -4 0 1 -18 -7 -8 3 15 -2 
-5 3 -1 -2 -15 -2 1 -2 -14 -21 
-8 0 -6 -7 -8 -7 -10 -5 -1 -12 
-7 -17 -19 -16 -11 -12 -13 -8 -2 -19 
-8 -2 -6 -5 -4 -7 -10 -3 1 -14 
-23 -15 -3 8 -3 -6 -7 4 4 -5 
0 10 2 -5 -16 -11 -4 1 -3 -16 
-1 9 -5 -14 -15 10 1 -14 -8 15 
-15 -7 -17 -12 -5 8 -9 -12 6 13 
x x x x x x x x 1 x 
x x x x x x x x 1 x 
x x x x x x x x 0 0 
x x x x x x x x x x 
x x x x x x x x x x 
x x x x x x x x x x 
0 0 x x x x x x x x 
x 1 x x x 0 x x x 0 
x 1 x 0 x 1 x 0 0 1 
0 0 0 0 x 1 x 0 1 1 
6: 7 4
6!
-1 -9 -11 -5 -1 0 -17 -6 20 1 
-12 -4 0 -2 -18 -7 -8 3 15 -2 
-5 3 -1 -1 -15 -2 1 -2 -14 -21 
-8 0 -6 -6 -8 -7 -10 -5 -1 -12 
-7 -17 -19 -19 -11 -12 -13 -8 -2 -19 
-8 -2 -6 -6 -4 -7 -10 -3 1 -14 
-20 -12 0 14 -4 -9 -6 5 1 -6 
0 10 2 -2 -16 -11 -4 1 -3 -16 
-1 9 -5 -11 -15 10 1 -14 -8 15 
-15 -7 -17 -9 -5 8 -9 -12 6 13 
x x x x x x x x 1 x 
x x x x x x x x 1 x 
x x x x x x x x 0 0 
x x x x x x x x x x 
x x x x x x x x x x 
x x x x x x x x x x 
0 0 x 1 x x x x x x 
x 1 x x x 0 x x x 0 
x 1 x 0 x 1 x 0 0 1 
0 0 0 0 x 1 x 0 1 1 
7: 7 8
1
xxxxxxxx1x
xxxxxxxx1x
xxxxxxxx00
xxxxxxxxxx
xxxxxxxxxx
xxxxxxxxxx
00x1xxx1xx
x1xxx0xxx0
x1x0x1x001
0000x1x011
-1
xxxxxxxx1x
xxxxxxxx1x
xxxxxxxx00
xxxxxxxxxx
xxxxxxxxxx
xxxxxxxxxx
00x1xxx1xx
x1xxx0xxx0
x1x0x1x001
0000x1x011
2
xxxxxxxx1x
xxxxxxxx1x
xxxxxxxx00
xxxxxxxxxx
xxxxxxxxxx
xxxxxxxxxx
00x1xxx1xx
x1xxx0xxx0
x1x0x1x001
0000x1x011
-2
xxxxxxxx1x
xxxxxxxx1x
xxxxxxxx00
xxxxxxxxxx
xxxxxxxxxx
xxxxxxxxxx
00x1xxx1xx
x1xxx0xxx0
x1x0x1x001
0000x1x011
3
xxxxxxxx1x
xxxxxxxx1x
xxxxxxxx00
xxxxxxxxxx
xxxxxxxxxx
xxxxxxxxxx
00x1xxx1xx
x1xxx0xxx0
x1x0x1x001
0000x1x011
-3
xxxxxxxx1x
xxxxxxxx1x
xxxxxxxx00
xxxxxxxxxx
xxxxxxxxxx
xxxxxxxxxx
00x1xxx1xx
x1xxx0xxx0
x1x0x1x001
0000x1x011
4
xxxxxxxx1x
xxxxxxxx1x
xxxxxxxx00
xxxxxxxxxx
xxxxxxxxxx
xxxxxxxxxx
00x1xxx1xx
x1xxx0xxx0
x1x0x1x001
0000x1x011
-4
xxxxxxxx1x
xxxxxxxx1x
xxxxxxxx00
xxxxxxxxxx
xxxxxxxxxx
xxxxxxxxxx
00x1xxx1xx
x1xxx0xxx0
x1x0x1x001
0000x1x011
5
xxxxxxxx1x
xxxxxxxx1x
xxxxxxxx00
xxxxxxxxxx
xxxxxxxxxx
xxxxxxxxxx
00x1xxx1xx
x1xxx0xxx0
x1x0x1x001
0000x1x011
-5
xxxxxxxx1x
xxxxxxxx1x
xxxxxxxx00
xxxxxxxxxx
xxxxxxxxxx
xxxxxxxxxx
00x1xxx1xx
x1xxx0xxx0
x1x0x1x001
0000x1x011
6
xxxxxxxx1x
xxxxxxxx1x
xxxxxxxx00
xxxxxxxxxx
xxxxxxxxxx
xxxxxxxxxx
00x1xxx1xx
x1xxx0xxx0
x1x0x1x001
0000x1x011
-6
xxxxxxxx1x
xxxxxxxx1x
xxxxxxxx00
xxxxxxxxxx
xxxxxxxxxx
xxxxxxxxxx
00x1xxx1xx
x1xxx0xxx0
x1x0x1x001
0000x1x011
7
xxxxxxxx1x
xxxxxxxx1x
xxxxxxxx00
xxxxxxxxxx
xxxxxxxxxx
xxxxxxxxxx
00x1x0x1x0
x1xxx0xxx0
x1x0x1x001
0000x1x011
-7
xxxxxxxx1x
xxxxxxxx1x
xxxxxxxx00
xxxxxxxxxx
xxxxxxxxxx
xxxxxxxxxx
00x1x0x1x0
x1xxx0xxx0
x1x0x1x001
0000x1x011
8
xxxxxxxx1x
xxxxxxxx1x
xxxxxxxx00
xxxxxxxxxx
xxxxxxxxxx
xxxxxxxxxx
00x1x0x1x0
x1xxx0xxx0
x1x0x1x001
0000x1x011
-8
xxxxxxxx1x
xxxxxxxx1x
xxxxxxxx00
xxxxxxxxxx
xxxxxxxxxx
xxxxxxxxxx
00x1x0x1x0
x1xxx0xxx0
x1x0x1x001
0000x1x011
9
xxxxxxxx1x
xxxxxxxx1x
xxxxxxxx00
xxxxxxxxxx
xxxxxxxxxx
xxxxxxxxxx
00x1x0x1x0
x1xxx0xxx0
x1x0x1x001
0000x1x011
-9
xxxxxxxx1x
xxxxxxxx1x
xxxxxxxx00
xxxxxxxxxx
xxxxxxxxxx
xxxxxxxxxx
00x1x0x1x0
x1xxx0xxx0
x1x0x1x001
0000x1x011
10
xxxxxxxx1x
xxxxxxxx1x
xxxxxxxx00
xxxxxxxxxx
xxxxxxxxxx
xxxxxxxxxx
00x1x0x1x0
x1xxx0xxx0
x1x0x1x001
0000x1x011
-10
xxxxxxxx1x
xxxxxxxx1x
xxxxxxxx00
xxxxxxxxxx
xxxxxxxxxx
xxxxxxxxxx
00x1x0x1x0
x1xxx0xxx0
x1x0x1x001
0000x1x011
7
xxxxxxxx1x
xxxxxxxx1x
xxxxxxxx00
xxxxxxxxxx
xxxxxxxxxx
xxxxxxxxxx
00x1x0x1x0
x1xxx0xxx0
x1x0x1x001
0000x1x011
-6
xxxxxxxx1x
xxxxxxxx1x
xxxxxxxx00
xxxxxxxxxx
xxxxxxxxxx
xxxxxxxxxx
00x1x0x1x0
x1xxx0xxx0
x1x0x1x001
0000x1x011
7
xxxxxxxx1x
xxxxxxxx1x
xxxxxxxx00
xxxxxxxxxx
xxxxxxxxxx
xxxxxxxxxx
00x1x0x1x0
x1xxx0xxx0
x1x0x1x001
0000x1x011
-10
xxxxxxxx1x
xxxxxxxx1x
xxxxxxxx00
xxxxxxxxxx
xxxxxxxxxx
xxxxxxxxxx
00x1x0x1x0
x1xxx0xxx0
x1x0x1x001
0000x1x011
7!
-1 -9 -11 -5 -1 1 -17 -7 20 3 
-12 -4 0 -2 -18 -6 -8 0 15 0 
-5 3 -1 -1 -15 -1 1 -1 -14 -17 
-8 0 -6 -6 -8 -6 -10 -4 -1 -10 
-7 -17 -19 -19 -11 -11 -13 -11 -2 -17 
-8 -2 -6 -6 -4 -8 -10 -4 1 -10 
-17 -9 -1 11 -3 -9 -5 11 0 -11 
0 10 2 -2 -16 -10 -4 4 -3 -12 
-1 9 -5 -11 -15 9 1 -11 -8 11 
-15 -7 -17 -9 -5 7 -9 -9 6 9 
x x x x x x x x 1 x 
x x x x x x x x 1 x 
x x x x x x x x 0 0 
x x x x x x x x x x 
x x x x x x x x x x 
x x x x x x x x x x 
0 0 x 1 x 0 x 1 x 0 
x 1 x x x 0 x x x 0 
x 1 x 0 x 1 x 0 0 1 
0 0 0 0 x 1 x 0 1 1 
8: 8 8
8!
-1 -9 -11 -3 2 1 -17 -6 20 3 
-12 -4 0 -2 -13 -6 -8 -1 15 0 
-5 3 -1 -1 -10 -1 1 -2 -14 -17 
-8 0 -6 -6 -5 -6 -10 -3 -1 -10 
-4 -12 -14 -24 -9 -6 -10 -5 1 -12 
-1 -5 -3 7 6 -5 -7 -8 0 -1 
-17 -9 -1 7 -2 -9 -5 8 0 -11 
-1 9 3 -7 -28 -9 -3 8 -2 -11 
-1 9 -5 -7 -4 9 1 -8 -8 11 
-15 -7 -17 -5 -4 7 -9 -6 6 9 
x x x x x x x x 1 x 
x x x x x x x x 1 x 
x x x x x x x x 0 0 
x x x x x x x x x x 
x x x 0 x x x x x x 
x x x 1 x x x 0 x x 
0 0 x 1 x 0 x 1 x 0 
x 1 x 0 0 0 x 1 x 0 
x 1 x 0 x 1 x 0 0 1 
0 0 0 0 x 1 x 0 1 1 
9: 6 5
9!
-1 -9 -9 -3 -1 2 -13 -6 20 3 
-12 -4 -2 -2 -10 -5 -8 -1 15 0 
-5 3 -1 -1 -7 0 3 -2 -14 -17 
-8 0 -2 -6 -14 -5 -4 -3 -1 -10 
-4 -12 -14 -24 -12 -7 -10 -5 1 -12 
1 -3 -11 5 17 -6 -15 -6 0 -1 
-17 -9 -1 7 1 -8 -5 8 0 -11 
-1 9 7 -7 -19 -8 3 8 -2 -11 
-1 9 -1 -7 -1 8 3 -8 -8 11 
-15 -7 -11 -5 -1 6 -5 -6 6 9 
x x x x x x x x 1 x 
x x x x x x x x 1 x 
x x x x x x x x 0 0 
x x x x x x x x x x 
x x x 0 x x x x x x 
x x 0 1 1 0 0 0 x x 
0 0 x 1 x 0 x 1 x 0 
x 1 x 0 0 0 x 1 x 0 
x 1 x 0 x 1 x 0 0 1 
0 0 0 0 x 1 x 0 1 1 
10: 8 3
10!
-1 -9 -10 -3 -1 2 -13 -6 20 3 
-10 -4 -3 -2 -10 -5 -8 -1 15 0 
-3 3 0 -1 -7 0 3 -2 -14 -17 
-8 0 -3 -6 -14 -5 -4 -3 -1 -10 
-8 -12 -15 -24 -12 -7 -10 -5 1 -12 
1 -3 -10 5 17 -6 -15 -6 0 -1 
-11 -9 0 7 1 -8 -5 8 0 -11 
-9 7 10 -5 -17 -6 3 6 -2 -9 
5 9 0 -7 -1 8 3 -8 -8 11 
-9 -7 -10 -5 -1 6 -5 -6 6 9 
x x x x x x x x 1 x 
x x x x x x x x 1 x 
x x x x x x x x 0 0 
x x x x x x x x x x 
x x x 0 x x x x x x 
x x 0 1 1 0 0 0 x x 
0 0 x 1 x 0 x 1 x 0 
0 1 1 0 0 0 x 1 x 0 
x 1 x 0 x 1 x 0 0 1 
0 0 0 0 x 1 x 0 1 1 
11: 9 1
11!
-2 -9 -8 -3 3 2 -13 -6 20 3 
-9 -4 -3 -2 -6 -5 -8 -1 15 0 
-4 3 0 -1 -3 0 3 -2 -14 -17 
-9 0 -3 -6 -10 -5 -4 -3 -1 -10 
-7 -12 -13 -24 -4 -7 -10 -5 1 -12 
0 -3 -6 5 9 -6 -15 -6 0 -1 
-8 -7 6 5 -9 -6 -5 6 0 -9 
-8 7 6 -5 -9 -6 3 6 -2 -9 
8 7 -6 -5 -1 6 3 -6 -6 9 
-8 -7 -6 -5 -1 6 -5 -6 6 9 
x x x x x x x x 1 x 
x x x x x x x x 1 x 
x x x x x x x x 0 0 
x x x x x x x x x x 
x x x 0 x x x x x x 
x x 0 1 1 0 0 0 x x 
0 0 1 1 0 0 x 1 x 0 
0 1 1 0 0 0 x 1 x 0 
1 1 0 0 x 1 x 0 0 1 
0 0 0 0 x 1 x 0 1 1 
12: 1 5
12!
-2 -5 -8 -3 13 0 -19 -2 14 -1 
-5 0 1 -2 -10 -5 -8 -1 11 0 
-4 3 0 -1 -3 0 7 -2 -14 -17 
-9 0 -3 -6 -6 -5 -2 -3 -1 -10 
-7 -12 -13 -24 -8 -7 -8 -5 1 -12 
0 -3 -6 5 5 -6 -11 -6 0 -1 
-8 -7 6 5 -5 -6 -3 6 0 -9 
-8 7 6 -5 -5 -6 3 6 -2 -9 
8 7 -6 -5 -1 6 3 -6 -6 9 
-8 -7 -6 -5 -1 6 -3 -6 6 9 
x x x x 1 x 0 x 1 x 
x x x x 0 x x x 1 x 
x x x x x x x x 0 0 
x x x x x x x x x x 
x x x 0 x x x x x x 
x x 0 1 1 0 0 0 x x 
0 0 1 1 0 0 x 1 x 0 
0 1 1 0 0 0 x 1 x 0 
1 1 0 0 x 1 x 0 0 1 
0 0 0 0 x 1 x 0 1 1 
13: 3 7
13!
-2 -5 -8 -3 13 0 -16 -2 14 -1 
-5 0 1 -2 -10 -5 -5 -1 11 0 
-5 0 1 0 -6 -1 13 1 -11 -14 
-9 0 -3 -6 -6 -5 -5 -3 -1 -10 
-3 -8 -9 -16 -2 -5 -19 -5 7 -6 
0 -3 -6 5 5 -6 -8 -6 0 -1 
-8 -7 6 5 -5 -6 -2 6 0 -9 
-8 7 6 -5 -5 -6 2 6 -2 -9 
8 7 -6 -5 -1 6 2 -6 -6 9 
-8 -7 -6 -5 -1 6 -2 -6 6 9 
x x x x 1 x 0 x 1 x 
x x x x 0 x x x 1 x 
x x x x x x 1 x 0 0 
x x x x x x x x x x 
x x x 0 x x 0 x x x 
x x 0 1 1 0 0 0 x x 
0 0 1 1 0 0 x 1 x 0 
0 1 1 0 0 0 x 1 x 0 
1 1 0 0 x 1 x 0 0 1 
0 0 0 0 x 1 x 0 1 1 
14: 5 9
14:: 40
14!
T + 0.018141s	